<?xml version="1.0" encoding="UTF-8"?>
<testsuite xmlns:xsi="http://www.w3.org/2001/XMLSchema-instance" xsi:noNamespaceSchemaLocation="https://maven.apache.org/surefire/maven-surefire-plugin/xsd/surefire-test-report.xsd" name="com.wcapi.test.WcApiRestTest" time="40.785" tests="11" errors="0" skipped="0" failures="1">
  <properties>
[...]
</properties>
  <testcase name="whenInsertAMovementPT_thenOperationOk" classname="com.wcapi.test.WcApiRestTest" time="7.526"/>
  <testcase name="whenRequestToUpdateAccount_thenAccountIsUpdated" classname="com.wcapi.test.WcApiRestTest" time="5.068"/>
  <testcase name="whenInsertAccountWithSameName_thenNotAuthorized" classname="com.wcapi.test.WcApiRestTest" time="2.556"/>
  <testcase name="whenInsertAMovementPTWithoutTransactionDate_thenOperationNotOk" classname="com.wcapi.test.WcApiRestTest" time="3.066"/>
  <testcase name="whenInsertAMovementPT2WithoutDescription_thenOperationNotOk" classname="com.wcapi.test.WcApiRestTest" time="2.403"/>
  <testcase name="whenDeleteAccount_thenAccountIsDeleted" classname="com.wcapi.test.WcApiRestTest" time="5.113"/>
  <testcase name="whenInsertAMovementPTWithTransactionFutureDate_thenOperationNotOk" classname="com.wcapi.test.WcApiRestTest" time="2.409"/>
  <testcase name="whenRequestAccessWithoutToken_thenAccessNotGranted" classname="com.wcapi.test.WcApiRestTest" time="2.355"/>
  <testcase name="whenAccountHasBalance_thenCheckTheBalance" classname="com.wcapi.test.WcApiRestTest" time="3.076">
    <failure message="1 expectation failed.&#10;JSON path find{it.conta_id == 1562804}.saldo doesn&apos;t match.&#10;Expected: is &quot;200.00&quot;&#10;  Actual: 1700.00&#10;" type="java.lang.AssertionError">java.lang.AssertionError: 
1 expectation failed.
JSON path find{it.conta_id == 1562804}.saldo doesn't match.
Expected: is "200.00"
  Actual: 1700.00

	at com.wcapi.test.WcApiRestTest.whenAccountHasBalance_thenCheckTheBalance(WcApiRestTest.java:259)
</failure>
    <system-out><![CDATA[Request method:	GET
Request URI:	https://barrigarest.wcaquino.me:443/saldo
Proxy:			<none>
Request params:	<none>
Query params:	<none>
Form params:	<none>
Path params:	<none>
Headers:		Authorization=JWT eyJ0eXAiOiJKV1QiLCJhbGciOiJIUzI1NiJ9.eyJpZCI6MzYxMzh9.EcQvnUXQMJr0N7qiSxGP-LtwG4XR0HOPuUEcFy5iCUA
				Accept=*/*
				Content-Type=application/json
Cookies:		<none>
Multiparts:		<none>
Body:			<none>

HTTP/1.1 200 OK
Server: nginx/1.12.1 (Ubuntu)
Date: Mon, 29 May 2023 20:53:21 GMT
Content-Type: application/json; charset=utf-8
Content-Length: 130
Connection: keep-alive
X-Powered-By: Express
Access-Control-Allow-Origin: *
ETag: W/"82-TQJNBL0zFLgt99DZ7b/D1zdxyLg"

[
    {
        "conta_id": 1559166,
        "conta": "Fulano Ferreira",
        "saldo": "100.00"
    },
    {
        "conta_id": 1562804,
        "conta": "Beltrano Barros",
        "saldo": "1700.00"
    }
]
]]></system-out>
  </testcase>
  <testcase name="whenAccountHasMovement_thenCanNotDeleteAccount" classname="com.wcapi.test.WcApiRestTest" time="2.45"/>
  <testcase name="whenRequestIncludingAccount_thenAccountIsIncluded" classname="com.wcapi.test.WcApiRestTest" time="2.325"/>
</testsuite>